<?xml version="1.0" encoding="UTF-8"?>
<!-- Generated by org.testng.reporters.JUnitXMLReporter -->
<testsuite ignored="1" hostname="DESKTOP-20DKHJO" failures="1" tests="1" name="Surefire test" time="14.651" errors="0" timestamp="2022-06-14T21:20:47 BRT">
  <testcase classname="com.testportal.TestPortal" name="testPortalAlunoFail" time="14.58">
    <failure type="com.codeborne.selenide.ex.ElementNotFound" message="Element not found {.table tbody tr td.findBy(text &amp;quot;selenide&amp;quot;)}
Expected: exist
Screenshot: file:/C:/Users/Graxaim/Documents/NetBeansProjects/testportal/build/reports/tests/1655252447491.0.png
Page source: file:/C:/Users/Graxaim/Documents/NetBeansProjects/testportal/build/reports/tests/1655252447491.0.html
Timeout: 4 s.
Caused by: NoSuchElementException: Cannot locate an element .table tbody tr td.findBy(text &amp;quot;selenide&amp;quot;)">
      <![CDATA[Element not found {.table tbody tr td.findBy(text "selenide")}
Expected: exist
Screenshot: file:/C:/Users/Graxaim/Documents/NetBeansProjects/testportal/build/reports/tests/1655252447491.0.png
Page source: file:/C:/Users/Graxaim/Documents/NetBeansProjects/testportal/build/reports/tests/1655252447491.0.html
Timeout: 4 s.
Caused by: NoSuchElementException: Cannot locate an element .table tbody tr td.findBy(text "selenide")
at com.codeborne.selenide.impl.WebElementSource.createElementNotFoundError(WebElementSource.java:87)
at com.codeborne.selenide.impl.WebElementSource.checkCondition(WebElementSource.java:124)
at com.codeborne.selenide.commands.Should.execute(Should.java:30)
at com.codeborne.selenide.commands.Should.execute(Should.java:14)
at com.codeborne.selenide.commands.Commands.execute(Commands.java:155)
at com.codeborne.selenide.impl.SelenideElementProxy.dispatchAndRetry(SelenideElementProxy.java:129)
at com.codeborne.selenide.impl.SelenideElementProxy.invoke(SelenideElementProxy.java:81)
at jdk.proxy2/jdk.proxy2.$Proxy8.should(Unknown Source)
at com.testportal.TestPortal.testPortalAlunoFail(TestPortal.java:53)
at java.base/java.util.ArrayList.forEach(ArrayList.java:1511)
Caused by: org.openqa.selenium.NoSuchElementException: Cannot locate an element .table tbody tr td.findBy(text "selenide")
For documentation on this error, please visit: https://selenium.dev/exceptions/#no_such_element
Build info: version: '4.2.2', revision: '683ccb65d6'
System info: host: 'DESKTOP-20DKHJO', ip: '10.0.0.101', os.name: 'Windows 10', os.arch: 'amd64', os.version: '10.0', java.version: '16.0.1'
Driver info: driver.version: unknown
at com.codeborne.selenide.impl.CollectionElementByCondition.getWebElement(CollectionElementByCondition.java:55)
at com.codeborne.selenide.impl.WebElementSource.checkCondition(WebElementSource.java:105)
... 40 more
... Removed 32 stack frames]]>
    </failure>
  </testcase> <!-- testPortalAlunoFail -->
  <testcase classname="com.testportal.TestPortal" name="testPortalAluno" time="0.0">
    <ignored/>
  </testcase> <!-- testPortalAluno -->
</testsuite> <!-- Surefire test -->
